<?xml version="1.0" encoding="UTF-8"?>
<!-- Generated by org.testng.reporters.JUnitReportReporter -->
<testsuite skipped="0" hostname="suman" name="com.orangehrm.tests.EmployeeLoginTest" tests="1" failures="0" timestamp="07 Jun 2018 13:07:41 GMT" time="4.794" errors="0">
  <testcase name="empLoginTest" time="4.794" classname="com.orangehrm.tests.EmployeeLoginTest"/>
</testsuite> <!-- com.orangehrm.tests.EmployeeLoginTest -->
