<?xml version="1.0" encoding="UTF-8"?>
<!-- Generated by org.testng.reporters.JUnitReportReporter -->
<testsuite skipped="0" hostname="welcome-PC" name="com.orangehrm.tests.LaunchApplication" tests="1" failures="0" timestamp="04 Mar 2018 10:13:18 GMT" time="0.020" errors="0">
  <testcase name="launchApplicationTest" time="0.020" classname="com.orangehrm.tests.LaunchApplication"/>
</testsuite> <!-- com.orangehrm.tests.LaunchApplication -->
